<?xml version="1.0" encoding="UTF-8"?>
<testsuite xmlns:xsi="http://www.w3.org/2001/XMLSchema-instance" xsi:noNamespaceSchemaLocation="https://maven.apache.org/surefire/maven-surefire-plugin/xsd/surefire-test-report-3.0.xsd" version="3.0" name="com.example.AppTest" time="0.01" tests="1" errors="0" skipped="0" failures="0">
  <properties>
    <property name="java.specification.version" value="17"/>
    <property name="sun.jnu.encoding" value="UTF-8"/>
    <property name="java.class.path" value="/Users/yangfei/Desktop/2024fall/cloud_infra/project/wordcount/WordCountProject/target/test-classes:/Users/yangfei/Desktop/2024fall/cloud_infra/project/wordcount/WordCountProject/target/classes:/Users/yangfei/.m2/repository/junit/junit/3.8.1/junit-3.8.1.jar:/Users/yangfei/.m2/repository/org/apache/hadoop/hadoop-core/1.2.1/hadoop-core-1.2.1.jar:/Users/yangfei/.m2/repository/commons-cli/commons-cli/1.2/commons-cli-1.2.jar:/Users/yangfei/.m2/repository/xmlenc/xmlenc/0.52/xmlenc-0.52.jar:/Users/yangfei/.m2/repository/com/sun/jersey/jersey-core/1.8/jersey-core-1.8.jar:/Users/yangfei/.m2/repository/com/sun/jersey/jersey-json/1.8/jersey-json-1.8.jar:/Users/yangfei/.m2/repository/org/codehaus/jettison/jettison/1.1/jettison-1.1.jar:/Users/yangfei/.m2/repository/stax/stax-api/1.0.1/stax-api-1.0.1.jar:/Users/yangfei/.m2/repository/com/sun/xml/bind/jaxb-impl/2.2.3-1/jaxb-impl-2.2.3-1.jar:/Users/yangfei/.m2/repository/javax/xml/bind/jaxb-api/2.2.2/jaxb-api-2.2.2.jar:/Users/yangfei/.m2/repository/javax/xml/stream/stax-api/1.0-2/stax-api-1.0-2.jar:/Users/yangfei/.m2/repository/javax/activation/activation/1.1/activation-1.1.jar:/Users/yangfei/.m2/repository/org/codehaus/jackson/jackson-core-asl/1.7.1/jackson-core-asl-1.7.1.jar:/Users/yangfei/.m2/repository/org/codehaus/jackson/jackson-jaxrs/1.7.1/jackson-jaxrs-1.7.1.jar:/Users/yangfei/.m2/repository/org/codehaus/jackson/jackson-xc/1.7.1/jackson-xc-1.7.1.jar:/Users/yangfei/.m2/repository/com/sun/jersey/jersey-server/1.8/jersey-server-1.8.jar:/Users/yangfei/.m2/repository/asm/asm/3.1/asm-3.1.jar:/Users/yangfei/.m2/repository/commons-io/commons-io/2.1/commons-io-2.1.jar:/Users/yangfei/.m2/repository/commons-httpclient/commons-httpclient/3.0.1/commons-httpclient-3.0.1.jar:/Users/yangfei/.m2/repository/commons-logging/commons-logging/1.0.3/commons-logging-1.0.3.jar:/Users/yangfei/.m2/repository/commons-codec/commons-codec/1.4/commons-codec-1.4.jar:/Users/yangfei/.m2/repository/org/apache/commons/commons-math/2.1/commons-math-2.1.jar:/Users/yangfei/.m2/repository/commons-configuration/commons-configuration/1.6/commons-configuration-1.6.jar:/Users/yangfei/.m2/repository/commons-collections/commons-collections/3.2.1/commons-collections-3.2.1.jar:/Users/yangfei/.m2/repository/commons-lang/commons-lang/2.4/commons-lang-2.4.jar:/Users/yangfei/.m2/repository/commons-digester/commons-digester/1.8/commons-digester-1.8.jar:/Users/yangfei/.m2/repository/commons-beanutils/commons-beanutils/1.7.0/commons-beanutils-1.7.0.jar:/Users/yangfei/.m2/repository/commons-beanutils/commons-beanutils-core/1.8.0/commons-beanutils-core-1.8.0.jar:/Users/yangfei/.m2/repository/commons-net/commons-net/1.4.1/commons-net-1.4.1.jar:/Users/yangfei/.m2/repository/org/mortbay/jetty/jetty/6.1.26/jetty-6.1.26.jar:/Users/yangfei/.m2/repository/org/mortbay/jetty/servlet-api/2.5-20081211/servlet-api-2.5-20081211.jar:/Users/yangfei/.m2/repository/org/mortbay/jetty/jetty-util/6.1.26/jetty-util-6.1.26.jar:/Users/yangfei/.m2/repository/tomcat/jasper-runtime/5.5.12/jasper-runtime-5.5.12.jar:/Users/yangfei/.m2/repository/tomcat/jasper-compiler/5.5.12/jasper-compiler-5.5.12.jar:/Users/yangfei/.m2/repository/org/mortbay/jetty/jsp-api-2.1/6.1.14/jsp-api-2.1-6.1.14.jar:/Users/yangfei/.m2/repository/org/mortbay/jetty/servlet-api-2.5/6.1.14/servlet-api-2.5-6.1.14.jar:/Users/yangfei/.m2/repository/org/mortbay/jetty/jsp-2.1/6.1.14/jsp-2.1-6.1.14.jar:/Users/yangfei/.m2/repository/ant/ant/1.6.5/ant-1.6.5.jar:/Users/yangfei/.m2/repository/commons-el/commons-el/1.0/commons-el-1.0.jar:/Users/yangfei/.m2/repository/net/java/dev/jets3t/jets3t/0.6.1/jets3t-0.6.1.jar:/Users/yangfei/.m2/repository/hsqldb/hsqldb/1.8.0.10/hsqldb-1.8.0.10.jar:/Users/yangfei/.m2/repository/oro/oro/2.0.8/oro-2.0.8.jar:/Users/yangfei/.m2/repository/org/eclipse/jdt/core/3.1.1/core-3.1.1.jar:/Users/yangfei/.m2/repository/org/codehaus/jackson/jackson-mapper-asl/1.8.8/jackson-mapper-asl-1.8.8.jar:"/>
    <property name="java.vm.vendor" value="Eclipse Adoptium"/>
    <property name="sun.arch.data.model" value="64"/>
    <property name="java.vendor.url" value="https://adoptium.net/"/>
    <property name="os.name" value="Mac OS X"/>
    <property name="java.vm.specification.version" value="17"/>
    <property name="sun.java.launcher" value="SUN_STANDARD"/>
    <property name="user.country" value="CN"/>
    <property name="sun.boot.library.path" value="/Users/yangfei/.sdkman/candidates/java/17.0.4.1-tem/lib"/>
    <property name="sun.java.command" value="/Users/yangfei/Desktop/2024fall/cloud_infra/project/wordcount/WordCountProject/target/surefire/surefirebooter-20241008232042928_3.jar /Users/yangfei/Desktop/2024fall/cloud_infra/project/wordcount/WordCountProject/target/surefire 2024-10-08T23-20-42_454-jvmRun1 surefire-20241008232042928_1tmp surefire_0-20241008232042928_2tmp"/>
    <property name="http.nonProxyHosts" value="127.0.0.1|192.168.0.0/16|*.192.168.0.0/16|10.0.0.0/8|*.10.0.0.0/8|172.16.0.0/12|*.172.16.0.0/12|100.64.0.0/10|*.100.64.0.0/10|17.0.0.0/8|*.17.0.0.0/8|localhost|*.localhost|local|*.local|169.254.0.0/16|*.169.254.0.0/16|224.0.0.0/4|*.224.0.0.0/4|240.0.0.0/4|*.240.0.0.0/4"/>
    <property name="jdk.debug" value="release"/>
    <property name="surefire.test.class.path" value="/Users/yangfei/Desktop/2024fall/cloud_infra/project/wordcount/WordCountProject/target/test-classes:/Users/yangfei/Desktop/2024fall/cloud_infra/project/wordcount/WordCountProject/target/classes:/Users/yangfei/.m2/repository/junit/junit/3.8.1/junit-3.8.1.jar:/Users/yangfei/.m2/repository/org/apache/hadoop/hadoop-core/1.2.1/hadoop-core-1.2.1.jar:/Users/yangfei/.m2/repository/commons-cli/commons-cli/1.2/commons-cli-1.2.jar:/Users/yangfei/.m2/repository/xmlenc/xmlenc/0.52/xmlenc-0.52.jar:/Users/yangfei/.m2/repository/com/sun/jersey/jersey-core/1.8/jersey-core-1.8.jar:/Users/yangfei/.m2/repository/com/sun/jersey/jersey-json/1.8/jersey-json-1.8.jar:/Users/yangfei/.m2/repository/org/codehaus/jettison/jettison/1.1/jettison-1.1.jar:/Users/yangfei/.m2/repository/stax/stax-api/1.0.1/stax-api-1.0.1.jar:/Users/yangfei/.m2/repository/com/sun/xml/bind/jaxb-impl/2.2.3-1/jaxb-impl-2.2.3-1.jar:/Users/yangfei/.m2/repository/javax/xml/bind/jaxb-api/2.2.2/jaxb-api-2.2.2.jar:/Users/yangfei/.m2/repository/javax/xml/stream/stax-api/1.0-2/stax-api-1.0-2.jar:/Users/yangfei/.m2/repository/javax/activation/activation/1.1/activation-1.1.jar:/Users/yangfei/.m2/repository/org/codehaus/jackson/jackson-core-asl/1.7.1/jackson-core-asl-1.7.1.jar:/Users/yangfei/.m2/repository/org/codehaus/jackson/jackson-jaxrs/1.7.1/jackson-jaxrs-1.7.1.jar:/Users/yangfei/.m2/repository/org/codehaus/jackson/jackson-xc/1.7.1/jackson-xc-1.7.1.jar:/Users/yangfei/.m2/repository/com/sun/jersey/jersey-server/1.8/jersey-server-1.8.jar:/Users/yangfei/.m2/repository/asm/asm/3.1/asm-3.1.jar:/Users/yangfei/.m2/repository/commons-io/commons-io/2.1/commons-io-2.1.jar:/Users/yangfei/.m2/repository/commons-httpclient/commons-httpclient/3.0.1/commons-httpclient-3.0.1.jar:/Users/yangfei/.m2/repository/commons-logging/commons-logging/1.0.3/commons-logging-1.0.3.jar:/Users/yangfei/.m2/repository/commons-codec/commons-codec/1.4/commons-codec-1.4.jar:/Users/yangfei/.m2/repository/org/apache/commons/commons-math/2.1/commons-math-2.1.jar:/Users/yangfei/.m2/repository/commons-configuration/commons-configuration/1.6/commons-configuration-1.6.jar:/Users/yangfei/.m2/repository/commons-collections/commons-collections/3.2.1/commons-collections-3.2.1.jar:/Users/yangfei/.m2/repository/commons-lang/commons-lang/2.4/commons-lang-2.4.jar:/Users/yangfei/.m2/repository/commons-digester/commons-digester/1.8/commons-digester-1.8.jar:/Users/yangfei/.m2/repository/commons-beanutils/commons-beanutils/1.7.0/commons-beanutils-1.7.0.jar:/Users/yangfei/.m2/repository/commons-beanutils/commons-beanutils-core/1.8.0/commons-beanutils-core-1.8.0.jar:/Users/yangfei/.m2/repository/commons-net/commons-net/1.4.1/commons-net-1.4.1.jar:/Users/yangfei/.m2/repository/org/mortbay/jetty/jetty/6.1.26/jetty-6.1.26.jar:/Users/yangfei/.m2/repository/org/mortbay/jetty/servlet-api/2.5-20081211/servlet-api-2.5-20081211.jar:/Users/yangfei/.m2/repository/org/mortbay/jetty/jetty-util/6.1.26/jetty-util-6.1.26.jar:/Users/yangfei/.m2/repository/tomcat/jasper-runtime/5.5.12/jasper-runtime-5.5.12.jar:/Users/yangfei/.m2/repository/tomcat/jasper-compiler/5.5.12/jasper-compiler-5.5.12.jar:/Users/yangfei/.m2/repository/org/mortbay/jetty/jsp-api-2.1/6.1.14/jsp-api-2.1-6.1.14.jar:/Users/yangfei/.m2/repository/org/mortbay/jetty/servlet-api-2.5/6.1.14/servlet-api-2.5-6.1.14.jar:/Users/yangfei/.m2/repository/org/mortbay/jetty/jsp-2.1/6.1.14/jsp-2.1-6.1.14.jar:/Users/yangfei/.m2/repository/ant/ant/1.6.5/ant-1.6.5.jar:/Users/yangfei/.m2/repository/commons-el/commons-el/1.0/commons-el-1.0.jar:/Users/yangfei/.m2/repository/net/java/dev/jets3t/jets3t/0.6.1/jets3t-0.6.1.jar:/Users/yangfei/.m2/repository/hsqldb/hsqldb/1.8.0.10/hsqldb-1.8.0.10.jar:/Users/yangfei/.m2/repository/oro/oro/2.0.8/oro-2.0.8.jar:/Users/yangfei/.m2/repository/org/eclipse/jdt/core/3.1.1/core-3.1.1.jar:/Users/yangfei/.m2/repository/org/codehaus/jackson/jackson-mapper-asl/1.8.8/jackson-mapper-asl-1.8.8.jar:"/>
    <property name="sun.cpu.endian" value="little"/>
    <property name="user.home" value="/Users/yangfei"/>
    <property name="user.language" value="en"/>
    <property name="java.specification.vendor" value="Oracle Corporation"/>
    <property name="java.version.date" value="2022-08-12"/>
    <property name="java.home" value="/Users/yangfei/.sdkman/candidates/java/17.0.4.1-tem"/>
    <property name="file.separator" value="/"/>
    <property name="basedir" value="/Users/yangfei/Desktop/2024fall/cloud_infra/project/wordcount/WordCountProject"/>
    <property name="java.vm.compressedOopsMode" value="Zero based"/>
    <property name="line.separator" value="&#10;"/>
    <property name="java.specification.name" value="Java Platform API Specification"/>
    <property name="java.vm.specification.vendor" value="Oracle Corporation"/>
    <property name="surefire.real.class.path" value="/Users/yangfei/Desktop/2024fall/cloud_infra/project/wordcount/WordCountProject/target/surefire/surefirebooter-20241008232042928_3.jar"/>
    <property name="sun.management.compiler" value="HotSpot 64-Bit Tiered Compilers"/>
    <property name="ftp.nonProxyHosts" value="127.0.0.1|192.168.0.0/16|*.192.168.0.0/16|10.0.0.0/8|*.10.0.0.0/8|172.16.0.0/12|*.172.16.0.0/12|100.64.0.0/10|*.100.64.0.0/10|17.0.0.0/8|*.17.0.0.0/8|localhost|*.localhost|local|*.local|169.254.0.0/16|*.169.254.0.0/16|224.0.0.0/4|*.224.0.0.0/4|240.0.0.0/4|*.240.0.0.0/4"/>
    <property name="java.runtime.version" value="17.0.4.1+1"/>
    <property name="user.name" value="yangfei"/>
    <property name="path.separator" value=":"/>
    <property name="os.version" value="13.3"/>
    <property name="java.runtime.name" value="OpenJDK Runtime Environment"/>
    <property name="file.encoding" value="UTF-8"/>
    <property name="java.vm.name" value="OpenJDK 64-Bit Server VM"/>
    <property name="java.vendor.version" value="Temurin-17.0.4.1+1"/>
    <property name="localRepository" value="/Users/yangfei/.m2/repository"/>
    <property name="java.vendor.url.bug" value="https://github.com/adoptium/adoptium-support/issues"/>
    <property name="java.io.tmpdir" value="/var/folders/sc/1qgjn6zx5tq8tqg800_4zgn00000gn/T/"/>
    <property name="java.version" value="17.0.4.1"/>
    <property name="user.dir" value="/Users/yangfei/Desktop/2024fall/cloud_infra/project/wordcount/WordCountProject"/>
    <property name="os.arch" value="aarch64"/>
    <property name="java.vm.specification.name" value="Java Virtual Machine Specification"/>
    <property name="native.encoding" value="UTF-8"/>
    <property name="java.library.path" value="/Users/yangfei/Library/Java/Extensions:/Library/Java/Extensions:/Network/Library/Java/Extensions:/System/Library/Java/Extensions:/usr/lib/java:."/>
    <property name="java.vm.info" value="mixed mode"/>
    <property name="java.vendor" value="Eclipse Adoptium"/>
    <property name="java.vm.version" value="17.0.4.1+1"/>
    <property name="sun.io.unicode.encoding" value="UnicodeBig"/>
    <property name="socksNonProxyHosts" value="127.0.0.1|192.168.0.0/16|*.192.168.0.0/16|10.0.0.0/8|*.10.0.0.0/8|172.16.0.0/12|*.172.16.0.0/12|100.64.0.0/10|*.100.64.0.0/10|17.0.0.0/8|*.17.0.0.0/8|localhost|*.localhost|local|*.local|169.254.0.0/16|*.169.254.0.0/16|224.0.0.0/4|*.224.0.0.0/4|240.0.0.0/4|*.240.0.0.0/4"/>
    <property name="java.class.version" value="61.0"/>
  </properties>
  <testcase name="testApp" classname="com.example.AppTest" time="0.001"/>
</testsuite>